InnoDB: The first specified data file .\ibdata1 did not exist:
InnoDB: a new database to be created!
240226 22:55:43  InnoDB: Setting file .\ibdata1 size to 10 MB
InnoDB: Database physically writes the file full: wait...
240226 22:55:43  InnoDB: Log file .\ib_logfile0 did not exist: new to be created
InnoDB: Setting log file .\ib_logfile0 size to 10 MB
InnoDB: Database physically writes the file full: wait...
240226 22:55:43  InnoDB: Log file .\ib_logfile1 did not exist: new to be created
InnoDB: Setting log file .\ib_logfile1 size to 10 MB
InnoDB: Database physically writes the file full: wait...
InnoDB: Doublewrite buffer not found: creating new
InnoDB: Doublewrite buffer created
InnoDB: Creating foreign key constraint system tables
InnoDB: Foreign key constraint system tables created
240226 22:55:43  InnoDB: Started; log sequence number 0 0
240226 22:55:43 [Note] wampmysqld: ready for connections.
Version: '5.0.51b-community-nt'  socket: ''  port: 3306  MySQL Community Edition (GPL)
240228 14:57:22 [Note] wampmysqld: Normal shutdown

240228 14:57:22  InnoDB: Starting shutdown...
240228 14:57:24  InnoDB: Shutdown completed; log sequence number 0 47137
240228 14:57:24 [Note] wampmysqld: Shutdown complete

240315 14:05:57  InnoDB: Started; log sequence number 0 47137
240315 14:05:57 [Note] wampmysqld: ready for connections.
Version: '5.0.51b-community-nt'  socket: ''  port: 3306  MySQL Community Edition (GPL)
240315 19:27:29 [Note] wampmysqld: Normal shutdown

240315 19:27:29  InnoDB: Starting shutdown...
240315 19:27:31  InnoDB: Shutdown completed; log sequence number 0 47147
240315 19:27:31 [Note] wampmysqld: Shutdown complete

240321 21:12:20  InnoDB: Started; log sequence number 0 47147
240321 21:12:20 [Note] wampmysqld: ready for connections.
Version: '5.0.51b-community-nt'  socket: ''  port: 3306  MySQL Community Edition (GPL)
240322 11:00:15  InnoDB: Started; log sequence number 0 47147
240322 11:00:15 [Note] wampmysqld: ready for connections.
Version: '5.0.51b-community-nt'  socket: ''  port: 3306  MySQL Community Edition (GPL)
240322 17:41:14 [Note] wampmysqld: Normal shutdown

240322 17:41:14  InnoDB: Starting shutdown...
240322 17:41:16  InnoDB: Shutdown completed; log sequence number 0 47344
240322 17:41:16 [Note] wampmysqld: Shutdown complete

240324 12:54:36  InnoDB: Started; log sequence number 0 47344
240324 12:54:36 [Note] wampmysqld: ready for connections.
Version: '5.0.51b-community-nt'  socket: ''  port: 3306  MySQL Community Edition (GPL)
240329  1:24:34 [Note] wampmysqld: Normal shutdown

240329  1:24:34  InnoDB: Starting shutdown...
240329  1:24:35  InnoDB: Shutdown completed; log sequence number 0 47354
240329  1:24:35 [Note] wampmysqld: Shutdown complete

240329  9:01:47  InnoDB: Started; log sequence number 0 47354
240329  9:01:48 [Note] wampmysqld: ready for connections.
Version: '5.0.51b-community-nt'  socket: ''  port: 3306  MySQL Community Edition (GPL)
InnoDB: The log sequence number in ibdata files does not match
InnoDB: the log sequence number in the ib_logfiles!
240401 18:50:39  InnoDB: Database was not shut down normally!
InnoDB: Starting crash recovery.
InnoDB: Reading tablespace information from the .ibd files...
InnoDB: Restoring possible half-written data pages from the doublewrite
InnoDB: buffer...
240401 18:50:39  InnoDB: Started; log sequence number 0 47364
240401 18:50:39 [Note] wampmysqld: ready for connections.
Version: '5.0.51b-community-nt'  socket: ''  port: 3306  MySQL Community Edition (GPL)
240401 20:36:09 [Note] wampmysqld: Normal shutdown

240401 20:36:09  InnoDB: Starting shutdown...
240401 20:36:11  InnoDB: Shutdown completed; log sequence number 0 47364
240401 20:36:11 [Note] wampmysqld: Shutdown complete

240402  0:17:51  InnoDB: Started; log sequence number 0 47364
240402  0:17:51 [Note] wampmysqld: ready for connections.
Version: '5.0.51b-community-nt'  socket: ''  port: 3306  MySQL Community Edition (GPL)
240402  8:31:51 [Note] wampmysqld: Normal shutdown

240402  8:31:51  InnoDB: Starting shutdown...
240402  8:31:52  InnoDB: Shutdown completed; log sequence number 0 47374
240402  8:31:52 [Note] wampmysqld: Shutdown complete

240403 19:35:52  InnoDB: Started; log sequence number 0 47374
240403 19:35:52 [Note] wampmysqld: ready for connections.
Version: '5.0.51b-community-nt'  socket: ''  port: 3306  MySQL Community Edition (GPL)
InnoDB: The log sequence number in ibdata files does not match
InnoDB: the log sequence number in the ib_logfiles!
240404 22:46:45  InnoDB: Database was not shut down normally!
InnoDB: Starting crash recovery.
InnoDB: Reading tablespace information from the .ibd files...
InnoDB: Restoring possible half-written data pages from the doublewrite
InnoDB: buffer...
240404 22:46:45  InnoDB: Started; log sequence number 0 48060
240404 22:46:45 [Note] wampmysqld: ready for connections.
Version: '5.0.51b-community-nt'  socket: ''  port: 3306  MySQL Community Edition (GPL)
InnoDB: The log sequence number in ibdata files does not match
InnoDB: the log sequence number in the ib_logfiles!
240406 14:19:20  InnoDB: Database was not shut down normally!
InnoDB: Starting crash recovery.
InnoDB: Reading tablespace information from the .ibd files...
InnoDB: Restoring possible half-written data pages from the doublewrite
InnoDB: buffer...
240406 14:19:20  InnoDB: Started; log sequence number 0 48070
240406 14:19:20 [Note] wampmysqld: ready for connections.
Version: '5.0.51b-community-nt'  socket: ''  port: 3306  MySQL Community Edition (GPL)
